
Showing logs for build [32mcb-kubecd-bdd-gh-1583714487-pr-wf4qg-1[0m stage [32mfrom-build-pack[0m and container [32mstep-credential-initializer-tsf4t[0m
{"level":"warn","ts":1583715042.2238402,"logger":"fallback-logger","caller":"logging/config.go:69","msg":"Fetch GitHub commit ID from kodata failed: \"ref: refs/heads/0.8.0-**-support-backwards-incompats\" is not a valid GitHub commit ID"}
{"level":"info","ts":1583715042.2245147,"logger":"fallback-logger","caller":"creds-init/main.go:40","msg":"Credentials initialized."}

Showing logs for build [32mcb-kubecd-bdd-gh-1583714487-pr-wf4qg-1[0m stage [32mfrom-build-pack[0m and container [32mstep-working-dir-initializer-z2kw2[0m
{"level":"warn","ts":1583715042.6942003,"logger":"fallback-logger","caller":"logging/config.go:69","msg":"Fetch GitHub commit ID from kodata failed: open /var/run/ko/HEAD: no such file or directory"}
{"level":"info","ts":1583715042.6957839,"logger":"fallback-logger","caller":"bash/main.go:64","msg":"Successfully executed command \"sh -c mkdir -p /workspace/source\"; output "}

Showing logs for build [32mcb-kubecd-bdd-gh-1583714487-pr-wf4qg-1[0m stage [32mfrom-build-pack[0m and container [32mstep-place-tools[0m

Showing logs for build [32mcb-kubecd-bdd-gh-1583714487-pr-wf4qg-1[0m stage [32mfrom-build-pack[0m and container [32mstep-git-source-cb-kubecd-bdd-gh-1583714487-pr-wf4qg-h7rvp[0m
{"level":"warn","ts":1583715073.8656447,"logger":"fallback-logger","caller":"logging/config.go:69","msg":"Fetch GitHub commit ID from kodata failed: \"ref: refs/heads/0.8.0-**-support-backwards-incompats\" is not a valid GitHub commit ID"}
{"level":"info","ts":1583715074.8947504,"logger":"fallback-logger","caller":"git/git.go:103","msg":"Successfully cloned https://github.com/cb-kubecd/bdd-gh-1583714487.git @ master in path /workspace/source"}

Showing logs for build [32mcb-kubecd-bdd-gh-1583714487-pr-wf4qg-1[0m stage [32mfrom-build-pack[0m and container [32mstep-git-merge[0m
Using SHAs from PULL_REFS=master:f7e3c5fb449156eedafa8e0dd9b8eff929e9ae37,1:84e7958769af4e84cc014f40e32b395b0b91ba1c
DEBUG: LC_ALL=C JX_LOG_LEVEL=error git fetch origin --unshallow 84e7958769af4e84cc014f40e32b395b0b91ba1c: f7e3c5fb449156eedafa8e0dd9b8eff929e9ae37:
DEBUG: ran git fetch --unshallow origin 84e7958769af4e84cc014f40e32b395b0b91ba1c: f7e3c5fb449156eedafa8e0dd9b8eff929e9ae37: in 
DEBUG: LC_ALL=C JX_LOG_LEVEL=error git branch
DEBUG: LC_ALL=C JX_LOG_LEVEL=error git checkout master
DEBUG: ran git checkout master in 
DEBUG: LC_ALL=C JX_LOG_LEVEL=error git reset --hard f7e3c5fb449156eedafa8e0dd9b8eff929e9ae37
DEBUG: ran git reset --hard f7e3c5fb449156eedafa8e0dd9b8eff929e9ae37 in 
DEBUG: LC_ALL=C JX_LOG_LEVEL=error git clean -fd .
DEBUG: ran clean --force -d . in 
DEBUG: LC_ALL=C JX_LOG_LEVEL=error git merge 84e7958769af4e84cc014f40e32b395b0b91ba1c
DEBUG: ran git merge 84e7958769af4e84cc014f40e32b395b0b91ba1c in 
DEBUG: LC_ALL=C JX_LOG_LEVEL=error git log --format=%H%x1f%an%x1f%ae%x1f%cn%x1f%ce%x1f%s%n%b%x1e f7e3c5fb449156eedafa8e0dd9b8eff929e9ae37..HEAD
Merged SHA 84e7958769af4e84cc014f40e32b395b0b91ba1c with commit message 'My first PR commit' into base branch master

Showing logs for build [32mcb-kubecd-bdd-gh-1583714487-pr-wf4qg-1[0m stage [32mfrom-build-pack[0m and container [32mstep-build-make-linux[0m
CGO_ENABLED=0 GOOS=linux GOARCH=amd64 GO15VENDOREXPERIMENT=1 go build -ldflags '' -o bin/bdd-gh-1583714487 main.go

Showing logs for build [32mcb-kubecd-bdd-gh-1583714487-pr-wf4qg-1[0m stage [32mfrom-build-pack[0m and container [32mstep-build-container-build[0m
[36mINFO[0m[0000] No base image, nothing to extract            
[36mINFO[0m[0000] cmd: EXPOSE                                  
[36mINFO[0m[0000] Adding exposed port: 8080/tcp                
[36mINFO[0m[0000] Using files from context: [/workspace/source/bin] 
[36mINFO[0m[0000] Skipping unpacking as no commands require it. 
[36mINFO[0m[0000] Taking snapshot of full filesystem...        
[36mINFO[0m[0000] EXPOSE 8080                                  
[36mINFO[0m[0000] cmd: EXPOSE                                  
[36mINFO[0m[0000] Adding exposed port: 8080/tcp                
[36mINFO[0m[0000] No files changed in this command, skipping snapshotting. 
[36mINFO[0m[0000] ENTRYPOINT ["/bdd-gh-1583714487"]            
[36mINFO[0m[0000] No files changed in this command, skipping snapshotting. 
[36mINFO[0m[0000] Using files from context: [/workspace/source/bin] 
[36mINFO[0m[0000] COPY ./bin/ /                                
[36mINFO[0m[0000] Taking snapshot of files...                  
2020/03/09 00:51:30 pushed blob: sha256:4474dbdfc448c4a984f532b45571db4022c364d44de8e27576ba05a232c8e9b6
2020/03/09 00:51:31 pushed blob: sha256:7fee83999c6dad91b4870dc72c593a880b48c8332c134a249d1f15d1e94510a7
2020/03/09 00:51:33 gcr.io/jenkins-x-bdd3/bdd-gh-1583714487:0.0.0-SNAPSHOT-PR-1-1: digest: sha256:cdbc111447500e66a38ce89a9c4316b9096b8050bf44b4fd1133bbbf7c7d1b33 size: 428

Showing logs for build [32mcb-kubecd-bdd-gh-1583714487-pr-wf4qg-1[0m stage [32mfrom-build-pack[0m and container [32mstep-postbuild-post-build[0m
no CVE provider running in the current ** namespace so skip adding image to be analysed

Showing logs for build [32mcb-kubecd-bdd-gh-1583714487-pr-wf4qg-1[0m stage [32mfrom-build-pack[0m and container [32mstep-promote-make-preview[0m
sed -i -e "s/version:.*/version: 0.0.0-SNAPSHOT-PR-1-1/" Chart.yaml
sed -i -e "s/version:.*/version: 0.0.0-SNAPSHOT-PR-1-1/" ../*/Chart.yaml
sed -i -e "s|repository:.*|repository: gcr.io\/jenkins-x-bdd3\/bdd-gh-1583714487|" values.yaml
sed -i -e "s/tag:.*/tag: 0.0.0-SNAPSHOT-PR-1-1/" values.yaml
echo "  version: 0.0.0-SNAPSHOT-PR-1-1" >> requirements.yaml
** step helm build
WARNING: No $CHART_REPOSITORY defined so using the default value of: http://jenkins-x-chartmuseum:8080
Adding missing Helm repo: storage.googleapis.com https://storage.googleapis.com/chartmuseum.jenkins-x.io
WARNING: No secrets found on "helm/repos" due: reading the secret "helm/repos" from vault: no secret "helm/repos" not found in vault
Read credentials for https://storage.googleapis.com/chartmuseum.jenkins-x.io from vault helm/repos
Successfully added Helm repository storage.googleapis.com.
Adding missing Helm repo: jenkins-x-chartmuseum http://jenkins-x-chartmuseum:8080
WARNING: No secrets found on "helm/repos" due: reading the secret "helm/repos" from vault: no secret "helm/repos" not found in vault
Read credentials for http://jenkins-x-chartmuseum:8080 from vault helm/repos
Successfully added Helm repository jenkins-x-chartmuseum.
WARNING: No $CHART_REPOSITORY defined so using the default value of: http://jenkins-x-chartmuseum:8080
Adding missing Helm repo: chartmuseum.jenkins-x.io http://chartmuseum.jenkins-x.io
WARNING: No secrets found on "helm/repos" due: reading the secret "helm/repos" from vault: no secret "helm/repos" not found in vault
Read credentials for http://chartmuseum.jenkins-x.io from vault helm/repos
Successfully added Helm repository chartmuseum.jenkins-x.io.

Showing logs for build [32mcb-kubecd-bdd-gh-1583714487-pr-wf4qg-1[0m stage [32mfrom-build-pack[0m and container [32mstep-promote-jx-preview[0m
Creating a preview
Created environment cb-kubecd-bdd-gh-1583714487-pr-1
Namespace **-cb-kubecd-bdd-gh-1583714487-pr-1 created 
expose:
  Annotations:
    helm.sh/hook: post-install,post-upgrade
    helm.sh/hook-delete-policy: hook-succeeded
  config:
    domain: 34.76.215.250.nip.io
    exposer: Ingress
    http: "true"
preview:
  image:
    repository: gcr.io/jenkins-x-bdd3/bdd-gh-1583714487
    tag: 0.0.0-SNAPSHOT-PR-1-1

Updating PipelineActivities cb-kubecd-bdd-gh-1583714487-pr-1-1 which has status Running
Preview application is now available at: http://bdd-gh-1583714487.**-cb-kubecd-bdd-gh-1583714487-pr-1.34.76.215.250.nip.io
